<?xml version="1.0" encoding="UTF-8"?>
<testng-results ignored="0" total="1" passed="0" failed="1" skipped="0">
  <reporter-output>
    <line>
      <![CDATA[TC to test Flipkart Search functioanlity started]]>
    </line>
    <line>
      <![CDATA[Chrome Invoked and navigated to URL: https://www.flipkart.com<br>]]>
    </line>
    <line>
      <![CDATA[Page Navigated.<br>]]>
    </line>
    <line>
      <![CDATA[Sign In Window Closed.<br>]]>
    </line>
    <line>
      <![CDATA[Search Box is displayed.<br>]]>
    </line>
  </reporter-output>
  <suite started-at="2021-05-21T00:39:49 IST" name="Default suite" finished-at="2021-05-21T00:40:12 IST" duration-ms="22867">
    <groups>
    </groups>
    <test started-at="2021-05-21T00:39:49 IST" name="Default test" finished-at="2021-05-21T00:40:12 IST" duration-ms="22867">
      <class name="com.crm.vtiger.tests.FlipkartSearch">
        <test-method signature="TestFlipkartSearch()[pri:0, instance:com.crm.vtiger.tests.FlipkartSearch@2dde1bff]" started-at="2021-05-21T00:39:49 IST" name="TestFlipkartSearch" finished-at="2021-05-21T00:40:12 IST" duration-ms="22799" status="FAIL">
          <exception class="org.openqa.selenium.NoSuchElementException">
            <message>
              <![CDATA[Cannot locate an element using xpath=//span[contains(text(),'Showing 1 – 24 of 1,600 results for ')]
For documentation on this error, please visit: https://www.seleniumhq.org/exceptions/no_such_element.html
Build info: version: '3.141.59', revision: 'e82be7d358', time: '2018-11-14T08:17:03'
System info: host: 'DESKTOP-MJ9U4K8', ip: '192.168.201.1', os.name: 'Windows 10', os.arch: 'amd64', os.version: '10.0', java.version: '15.0.2'
Driver info: driver.version: RemoteWebDriver]]>
            </message>
            <full-stacktrace>
              <![CDATA[org.openqa.selenium.NoSuchElementException: Cannot locate an element using xpath=//span[contains(text(),'Showing 1 – 24 of 1,600 results for ')]
For documentation on this error, please visit: https://www.seleniumhq.org/exceptions/no_such_element.html
Build info: version: '3.141.59', revision: 'e82be7d358', time: '2018-11-14T08:17:03'
System info: host: 'DESKTOP-MJ9U4K8', ip: '192.168.201.1', os.name: 'Windows 10', os.arch: 'amd64', os.version: '10.0', java.version: '15.0.2'
Driver info: driver.version: RemoteWebDriver
at org.openqa.selenium.remote.RemoteWebDriver.findElement(RemoteWebDriver.java:327)
at org.openqa.selenium.remote.RemoteWebDriver.findElementByXPath(RemoteWebDriver.java:428)
at org.openqa.selenium.By$ByXPath.findElement(By.java:353)
at org.openqa.selenium.remote.RemoteWebDriver.findElement(RemoteWebDriver.java:315)
at com.crm.vtiger.tests.FlipkartSearch.TestFlipkartSearch(FlipkartSearch.java:57)
at java.base/jdk.internal.reflect.NativeMethodAccessorImpl.invoke0(Native Method)
at java.base/jdk.internal.reflect.NativeMethodAccessorImpl.invoke(NativeMethodAccessorImpl.java:64)
at java.base/jdk.internal.reflect.DelegatingMethodAccessorImpl.invoke(DelegatingMethodAccessorImpl.java:43)
at java.base/java.lang.reflect.Method.invoke(Method.java:564)
at org.testng.internal.MethodInvocationHelper.invokeMethod(MethodInvocationHelper.java:132)
at org.testng.internal.TestInvoker.invokeMethod(TestInvoker.java:599)
at org.testng.internal.TestInvoker.invokeTestMethod(TestInvoker.java:174)
at org.testng.internal.MethodRunner.runInSequence(MethodRunner.java:46)
at org.testng.internal.TestInvoker$MethodInvocationAgent.invoke(TestInvoker.java:822)
at org.testng.internal.TestInvoker.invokeTestMethods(TestInvoker.java:147)
at org.testng.internal.TestMethodWorker.invokeTestMethods(TestMethodWorker.java:146)
at org.testng.internal.TestMethodWorker.run(TestMethodWorker.java:128)
at java.base/java.util.ArrayList.forEach(ArrayList.java:1511)
at org.testng.TestRunner.privateRun(TestRunner.java:764)
at org.testng.TestRunner.run(TestRunner.java:585)
at org.testng.SuiteRunner.runTest(SuiteRunner.java:384)
at org.testng.SuiteRunner.runSequentially(SuiteRunner.java:378)
at org.testng.SuiteRunner.privateRun(SuiteRunner.java:337)
at org.testng.SuiteRunner.run(SuiteRunner.java:286)
at org.testng.SuiteRunnerWorker.runSuite(SuiteRunnerWorker.java:53)
at org.testng.SuiteRunnerWorker.run(SuiteRunnerWorker.java:96)
at org.testng.TestNG.runSuitesSequentially(TestNG.java:1218)
at org.testng.TestNG.runSuitesLocally(TestNG.java:1140)
at org.testng.TestNG.runSuites(TestNG.java:1069)
at org.testng.TestNG.run(TestNG.java:1037)
at org.testng.remote.AbstractRemoteTestNG.run(AbstractRemoteTestNG.java:115)
at org.testng.remote.RemoteTestNG.initAndRun(RemoteTestNG.java:251)
at org.testng.remote.RemoteTestNG.main(RemoteTestNG.java:77)
]]>
            </full-stacktrace>
          </exception> <!-- org.openqa.selenium.NoSuchElementException -->
          <reporter-output>
            <line>
              <![CDATA[TC to test Flipkart Search functioanlity started]]>
            </line>
            <line>
              <![CDATA[Chrome Invoked and navigated to URL: https://www.flipkart.com<br>]]>
            </line>
            <line>
              <![CDATA[Page Navigated.<br>]]>
            </line>
            <line>
              <![CDATA[Sign In Window Closed.<br>]]>
            </line>
            <line>
              <![CDATA[Search Box is displayed.<br>]]>
            </line>
          </reporter-output>
        </test-method> <!-- TestFlipkartSearch -->
      </class> <!-- com.crm.vtiger.tests.FlipkartSearch -->
    </test> <!-- Default test -->
  </suite> <!-- Default suite -->
</testng-results>
